<?xml version="1.0" encoding="UTF-8"?>
<!-- Generated by org.testng.reporters.JUnitReportReporter -->
<testsuite hostname="DESKTOP-GDN8ABU" failures="0" tests="1" name="test.TC_005_PurchaseCategoryTest" time="36.002" errors="0" timestamp="2024-12-19T21:10:08 IST" skipped="0">
  <testcase classname="test.TC_005_PurchaseCategoryTest" name="purchaseTest" time="36.002"/>
  <system-out/>
</testsuite> <!-- test.TC_005_PurchaseCategoryTest -->
