<?xml version="1.0" encoding="UTF-8"?>
<!-- Generated by org.testng.reporters.JUnitReportReporter -->
<testsuite hostname="DESKTOP-GDN8ABU" failures="0" tests="1" name="test.TC_006_LogoutTest" time="12.222" errors="0" timestamp="2024-12-19T21:10:29 IST" skipped="0">
  <testcase classname="test.TC_006_LogoutTest" name="logoutTest" time="12.222"/>
  <system-out/>
</testsuite> <!-- test.TC_006_LogoutTest -->
