<?xml version="1.0" encoding="UTF-8"?>
<!-- Generated by org.testng.reporters.JUnitReportReporter -->
<testsuite hostname="DESKTOP-GDN8ABU" failures="0" tests="1" name="test.TC_003_ProductCategoryTest" time="28.749" errors="0" timestamp="2024-12-19T21:08:53 IST" skipped="0">
  <testcase classname="test.TC_003_ProductCategoryTest" name="productTest" time="28.749"/>
  <system-out/>
</testsuite> <!-- test.TC_003_ProductCategoryTest -->
