<?xml version="1.0" encoding="UTF-8"?>
<!-- Generated by org.testng.reporters.JUnitReportReporter -->
<testsuite hostname="DESKTOP-GDN8ABU" failures="0" tests="1" name="test.TC_004_CartFunctionTest" time="18.338" errors="0" timestamp="2024-12-19T21:09:19 IST" skipped="0">
  <testcase classname="test.TC_004_CartFunctionTest" name="cartTest" time="18.338"/>
  <system-out/>
</testsuite> <!-- test.TC_004_CartFunctionTest -->
