<?xml version="1.0" encoding="UTF-8"?>
<!-- Generated by org.testng.reporters.JUnitReportReporter -->
<testsuite hostname="DESKTOP-GDN8ABU" failures="0" tests="1" name="test.TC_002_LoginTest" time="12.772" errors="0" timestamp="2024-12-19T21:08:17 IST" skipped="0">
  <testcase classname="test.TC_002_LoginTest" name="loginTest" time="12.772"/>
  <system-out/>
</testsuite> <!-- test.TC_002_LoginTest -->
