<?xml version="1.0" encoding="UTF-8"?>
<!-- Generated by org.testng.reporters.JUnitReportReporter -->
<testsuite hostname="DESKTOP-GDN8ABU" failures="0" tests="1" name="test.TC_001_SignUpTest" time="15.955" errors="0" timestamp="2024-12-19T21:07:43 IST" skipped="0">
  <testcase classname="test.TC_001_SignUpTest" name="signuUpTest" time="15.955"/>
  <system-out/>
</testsuite> <!-- test.TC_001_SignUpTest -->
